2026-05-09 19:39:06:396 [31merror[39m: [31m❌ Missing required environment variables: MONGO_URI, JWT_SECRET, ADMIN_USERNAME, ADMIN_PASSWORD, CLIENT_URL[39m
2026-05-09 19:39:06:396 [33mwarn[39m: [33mWARNING: Some variables are missing. Some features may not work.[39m
2026-05-09 19:39:07:397 [32minfo[39m: [32m🚀 Server running on port 5000 in development mode[39m
2026-05-09 19:39:07:397 [31merror[39m: [31m⚠️  DB unavailable: The `uri` parameter to `openUri()` must be a string, got "undefined". Make sure the first parameter to `mongoose.connect()` or `mongoose.createConnection()` is a string.[39m
2026-05-10 12:33:40:3340 [32minfo[39m: [32m✅ Environment variables validated.[39m
2026-05-10 12:33:41:3341 [32minfo[39m: [32m🚀 Server running on port 5000 in development mode[39m
2026-05-10 12:34:11:3411 [31merror[39m: [31m⚠️  DB unavailable: Could not connect to any servers in your MongoDB Atlas cluster. One common reason is that you're trying to access the database from an IP that isn't whitelisted. Make sure your current IP address is on your Atlas cluster's IP whitelist: https://www.mongodb.com/docs/atlas/security-whitelist/[39m
2026-05-10 12:45:11:4511 [32minfo[39m: [32m✅ Environment variables validated.[39m
2026-05-10 12:45:11:4511 [32minfo[39m: [32m🚀 Server running on port 5000 in development mode[39m
2026-05-10 12:45:42:4542 [31merror[39m: [31m⚠️  DB unavailable: Could not connect to any servers in your MongoDB Atlas cluster. One common reason is that you're trying to access the database from an IP that isn't whitelisted. Make sure your current IP address is on your Atlas cluster's IP whitelist: https://www.mongodb.com/docs/atlas/security-whitelist/[39m
2026-05-10 12:45:58:4558 [31merror[39m: [31m❌ MongooseError: Operation `skills.find()` buffering timed out after 10000ms[39m
2026-05-10 12:45:58:4558 [37mdebug[39m: [37mMongooseError: Operation `skills.find()` buffering timed out after 10000ms[39m
[37m    at Timeout.<anonymous> (C:\Users\Administrator\Downloads\stitch_next_gen_3d_portfolio_experience\stitch_next_gen_3d_portfolio_experience\backend\node_modules\mongoose\lib\drivers\node-mongodb-native\collection.js:187:23)[39m
[37m    at listOnTimeout (node:internal/timers:608:17)[39m
[37m    at process.processTimers (node:internal/timers:543:7)[39m
2026-05-10 12:45:58:4558 [35mhttp[39m: [35m[0mGET /api/skills [31m500[0m 10057.697 ms - 507[0m[39m
2026-05-10 12:45:58:4558 [31merror[39m: [31m❌ MongooseError: Operation `experiences.find()` buffering timed out after 10000ms[39m
2026-05-10 12:45:58:4558 [37mdebug[39m: [37mMongooseError: Operation `experiences.find()` buffering timed out after 10000ms[39m
[37m    at Timeout.<anonymous> (C:\Users\Administrator\Downloads\stitch_next_gen_3d_portfolio_experience\stitch_next_gen_3d_portfolio_experience\backend\node_modules\mongoose\lib\drivers\node-mongodb-native\collection.js:187:23)[39m
[37m    at listOnTimeout (node:internal/timers:608:17)[39m
[37m    at process.processTimers (node:internal/timers:543:7)[39m
2026-05-10 12:45:58:4558 [35mhttp[39m: [35m[0mGET /api/experience [31m500[0m 10054.777 ms - 517[0m[39m
2026-05-10 13:07:26:726 [31merror[39m: [31m❌ MongooseError: Operation `skills.find()` buffering timed out after 10000ms[39m
2026-05-10 13:07:26:726 [37mdebug[39m: [37mMongooseError: Operation `skills.find()` buffering timed out after 10000ms[39m
[37m    at Timeout.<anonymous> (C:\Users\Administrator\Downloads\stitch_next_gen_3d_portfolio_experience\stitch_next_gen_3d_portfolio_experience\backend\node_modules\mongoose\lib\drivers\node-mongodb-native\collection.js:187:23)[39m
[37m    at listOnTimeout (node:internal/timers:608:17)[39m
[37m    at process.processTimers (node:internal/timers:543:7)[39m
2026-05-10 13:07:26:726 [35mhttp[39m: [35m[0mGET /api/skills [31m500[0m 10080.377 ms - 507[0m[39m
2026-05-10 13:07:26:726 [31merror[39m: [31m❌ MongooseError: Operation `experiences.find()` buffering timed out after 10000ms[39m
2026-05-10 13:07:26:726 [37mdebug[39m: [37mMongooseError: Operation `experiences.find()` buffering timed out after 10000ms[39m
[37m    at Timeout.<anonymous> (C:\Users\Administrator\Downloads\stitch_next_gen_3d_portfolio_experience\stitch_next_gen_3d_portfolio_experience\backend\node_modules\mongoose\lib\drivers\node-mongodb-native\collection.js:187:23)[39m
[37m    at listOnTimeout (node:internal/timers:608:17)[39m
[37m    at process.processTimers (node:internal/timers:543:7)[39m
2026-05-10 13:07:26:726 [35mhttp[39m: [35m[0mGET /api/experience [31m500[0m 10050.453 ms - 517[0m[39m
2026-05-10 13:15:10:1510 [31merror[39m: [31m❌ MongooseError: Operation `skills.find()` buffering timed out after 10000ms[39m
